<?xml version="1.0" encoding="UTF-8"?>
<testng-results skipped="0" failed="0" ignored="0" total="1" passed="1">
  <reporter-output>
    <line>
      <![CDATA[Element is present]]>
    </line>
    <line>
      <![CDATA[Tital displayed isFacebook – log in or sign up]]>
    </line>
  </reporter-output>
  <suite name="Suite" duration-ms="32470" started-at="2018-05-29T18:53:11Z" finished-at="2018-05-29T18:53:43Z">
    <groups>
    </groups>
    <test name="Test" duration-ms="32470" started-at="2018-05-29T18:53:11Z" finished-at="2018-05-29T18:53:43Z">
      <class name="testScript.Test1">
        <test-method status="PASS" signature="launchBrowser()[pri:0, instance:testScript.Test1@1e2203c]" name="launchBrowser" is-config="true" duration-ms="8348" started-at="2018-05-29T18:53:11Z" finished-at="2018-05-29T18:53:19Z">
          <reporter-output>
          </reporter-output>
        </test-method> <!-- launchBrowser -->
        <test-method status="PASS" signature="testFaceBookHkome()[pri:0, instance:testScript.Test1@1e2203c]" name="testFaceBookHkome" duration-ms="21299" started-at="2018-05-29T18:53:19Z" finished-at="2018-05-29T18:53:40Z">
          <reporter-output>
            <line>
              <![CDATA[Element is present]]>
            </line>
            <line>
              <![CDATA[Tital displayed isFacebook – log in or sign up]]>
            </line>
          </reporter-output>
        </test-method> <!-- testFaceBookHkome -->
        <test-method status="PASS" signature="closeBrowser()[pri:0, instance:testScript.Test1@1e2203c]" name="closeBrowser" is-config="true" duration-ms="2743" started-at="2018-05-29T18:53:40Z" finished-at="2018-05-29T18:53:43Z">
          <reporter-output>
          </reporter-output>
        </test-method> <!-- closeBrowser -->
      </class> <!-- testScript.Test1 -->
    </test> <!-- Test -->
  </suite> <!-- Suite -->
</testng-results>
