<?xml version="1.0" encoding="UTF-8"?>
<testng-results skipped="0" failed="0" ignored="0" total="1" passed="1">
  <reporter-output>
    <line>
      <![CDATA[Element is present]]>
    </line>
    <line>
      <![CDATA[Tital displayed isFacebook – log in or sign up]]>
    </line>
  </reporter-output>
  <suite name="Default suite" duration-ms="27442" started-at="2018-06-02T06:32:21Z" finished-at="2018-06-02T06:32:48Z">
    <groups>
    </groups>
    <test name="Default test" duration-ms="27442" started-at="2018-06-02T06:32:21Z" finished-at="2018-06-02T06:32:48Z">
      <class name="testScript.Test1">
        <test-method status="PASS" signature="launchBrowser()[pri:0, instance:testScript.Test1@77cd7a0]" name="launchBrowser" is-config="true" duration-ms="6519" started-at="2018-06-02T12:02:21Z" finished-at="2018-06-02T12:02:27Z">
          <reporter-output>
          </reporter-output>
        </test-method> <!-- launchBrowser -->
        <test-method status="PASS" signature="testFaceBookHkome()[pri:0, instance:testScript.Test1@77cd7a0]" name="testFaceBookHkome" duration-ms="19147" started-at="2018-06-02T12:02:27Z" finished-at="2018-06-02T12:02:47Z">
          <reporter-output>
            <line>
              <![CDATA[Element is present]]>
            </line>
            <line>
              <![CDATA[Tital displayed isFacebook – log in or sign up]]>
            </line>
          </reporter-output>
        </test-method> <!-- testFaceBookHkome -->
        <test-method status="PASS" signature="closeBrowser()[pri:0, instance:testScript.Test1@77cd7a0]" name="closeBrowser" is-config="true" duration-ms="1732" started-at="2018-06-02T12:02:47Z" finished-at="2018-06-02T12:02:48Z">
          <reporter-output>
          </reporter-output>
        </test-method> <!-- closeBrowser -->
      </class> <!-- testScript.Test1 -->
    </test> <!-- Default test -->
  </suite> <!-- Default suite -->
</testng-results>
